warning: Tag 'CLASS_DIAGRAMS' at line 287 of file '/tmp/doxyfile.nK4zi5' has become obsolete.
         To avoid this warning please remove this line from your configuration file or upgrade it using "doxygen -u"
/home/runner/work/hf-ads7952-driver/hf-ads7952-driver/src/ads7952.ipp:467: warning: unbalanced grouping commands
error: Style sheet '_config/doxygen-extensions/doxygen-awesome-css/doxygen-awesome.css' specified by HTML_EXTRA_STYLESHEET does not exist!
Doxygen version used: 1.10.0 (ebc57c6dd303a980bd19dd74b8b61c8f3f5180ca)
Searching for include files...
Searching for example files...
Searching for images...
Searching for dot files...
Searching for msc files...
Searching for dia files...
Searching for files to exclude
Searching INPUT for files to process...
Searching for files in directory /home/runner/work/hf-ads7952-driver/hf-ads7952-driver/inc
Searching for files in directory /home/runner/work/hf-ads7952-driver/hf-ads7952-driver/src
Reading and parsing tag files
Parsing files
Preprocessing /home/runner/work/hf-ads7952-driver/hf-ads7952-driver/inc/ads7952.hpp...
Parsing file /home/runner/work/hf-ads7952-driver/hf-ads7952-driver/inc/ads7952.hpp...
Preprocessing /home/runner/work/hf-ads7952-driver/hf-ads7952-driver/inc/ads7952_config.hpp...
Parsing file /home/runner/work/hf-ads7952-driver/hf-ads7952-driver/inc/ads7952_config.hpp...
Preprocessing /home/runner/work/hf-ads7952-driver/hf-ads7952-driver/inc/ads7952_registers.hpp...
Parsing file /home/runner/work/hf-ads7952-driver/hf-ads7952-driver/inc/ads7952_registers.hpp...
Preprocessing /home/runner/work/hf-ads7952-driver/hf-ads7952-driver/inc/ads7952_spi_interface.hpp...
Parsing file /home/runner/work/hf-ads7952-driver/hf-ads7952-driver/inc/ads7952_spi_interface.hpp...
Preprocessing /home/runner/work/hf-ads7952-driver/hf-ads7952-driver/inc/ads7952_types.hpp...
Parsing file /home/runner/work/hf-ads7952-driver/hf-ads7952-driver/inc/ads7952_types.hpp...
Preprocessing /home/runner/work/hf-ads7952-driver/hf-ads7952-driver/src/ads7952.ipp...
Parsing file /home/runner/work/hf-ads7952-driver/hf-ads7952-driver/src/ads7952.ipp...
Reading /home/runner/work/hf-ads7952-driver/hf-ads7952-driver/README.md...
Building macro definition list...
Building group list...
Building directory list...
Building namespace list...
Building file list...
Building class list...
Building concept list...
Computing nesting relations for classes...
Associating documentation with classes...
Associating documentation with concepts...
Associating documentation with modules...
Building example list...
Searching for enumerations...
Searching for documented typedefs...
Searching for members imported via using declarations...
Searching for included using directives...
Searching for documented variables...
Building interface member list...
Building member list...
Searching for friends...
Searching for documented defines...
Computing class inheritance relations...
Computing class usage relations...
Flushing cached template relations that have become invalid...
Computing class relations...
Add enum values to enums...
Searching for member function documentation...
Creating members for template instances...
Building page list...
Search for main page...
Computing page relations...
Determining the scope of groups...
Computing module relations...
Sorting lists...
Determining which enums are documented
Computing member relations...
Building full member lists recursively...
Adding members to member groups.
Computing member references...
Inheriting documentation...
Generating disk names...
Adding source references...
Adding xrefitems...
Sorting member lists...
Setting anonymous enum type...
Computing dependencies between directories...
Generating citations page...
Counting members...
Counting data structures...
Resolving user defined references...
Finding anchors and sections in the documentation...
Transferring function references...
Combining using relations...
Adding members to index pages...
Correcting members for VHDL...
Computing tooltip texts...
Generating style sheet...
Generating search indices...
Generating example documentation...
Generating file sources...
Generating code for file inc/ads7952.hpp...
Generating code for file inc/ads7952_config.hpp...
Generating code for file inc/ads7952_registers.hpp...
Generating code for file inc/ads7952_spi_interface.hpp...
Generating code for file inc/ads7952_types.hpp...
Parsing code for file README.md...
Generating code for file src/ads7952.ipp...
Generating file documentation...
Generating docs for file inc/ads7952.hpp...
/home/runner/work/hf-ads7952-driver/hf-ads7952-driver/src/ads7952.ipp:31: warning: Found recursive @copybrief or @copydoc relation for argument 'ADS7952::ADS7952(SpiType&,float,float,Range)'.
/home/runner/work/hf-ads7952-driver/hf-ads7952-driver/src/ads7952.ipp:31: warning: Found recursive @copydetails or @copydoc relation for argument 'ADS7952::ADS7952(SpiType&,float,float,Range)'.
/home/runner/work/hf-ads7952-driver/hf-ads7952-driver/src/ads7952.ipp:31: warning: argument 'spi' from the argument list of ads7952::ADS7952::ADS7952 has multiple @param documentation sections
/home/runner/work/hf-ads7952-driver/hf-ads7952-driver/src/ads7952.ipp:31: warning: argument 'vref' from the argument list of ads7952::ADS7952::ADS7952 has multiple @param documentation sections
/home/runner/work/hf-ads7952-driver/hf-ads7952-driver/src/ads7952.ipp:31: warning: argument 'va' from the argument list of ads7952::ADS7952::ADS7952 has multiple @param documentation sections
/home/runner/work/hf-ads7952-driver/hf-ads7952-driver/src/ads7952.ipp:31: warning: argument 'initial_range' from the argument list of ads7952::ADS7952::ADS7952 has multiple @param documentation sections
/home/runner/work/hf-ads7952-driver/hf-ads7952-driver/src/ads7952.ipp:191: warning: Found recursive @copybrief or @copydoc relation for argument 'ADS7952::CountToVoltage(uint16_t) const'.
/home/runner/work/hf-ads7952-driver/hf-ads7952-driver/src/ads7952.ipp:191: warning: Found recursive @copydetails or @copydoc relation for argument 'ADS7952::CountToVoltage(uint16_t) const'.
/home/runner/work/hf-ads7952-driver/hf-ads7952-driver/src/ads7952.ipp:191: warning: argument 'count' from the argument list of ads7952::ADS7952::CountToVoltage has multiple @param documentation sections
/home/runner/work/hf-ads7952-driver/hf-ads7952-driver/src/ads7952.ipp:62: warning: Found recursive @copybrief or @copydoc relation for argument 'ADS7952::EnsureInitialized(bool)'.
/home/runner/work/hf-ads7952-driver/hf-ads7952-driver/src/ads7952.ipp:62: warning: Found recursive @copydetails or @copydoc relation for argument 'ADS7952::EnsureInitialized(bool)'.
/home/runner/work/hf-ads7952-driver/hf-ads7952-driver/src/ads7952.ipp:62: warning: argument 'force' from the argument list of ads7952::ADS7952::EnsureInitialized has multiple @param documentation sections
/home/runner/work/hf-ads7952-driver/hf-ads7952-driver/src/ads7952.ipp:223: warning: Found recursive @copybrief or @copydoc relation for argument 'ADS7952::EnterAuto1Mode(bool)'.
/home/runner/work/hf-ads7952-driver/hf-ads7952-driver/src/ads7952.ipp:223: warning: Found recursive @copydetails or @copydoc relation for argument 'ADS7952::EnterAuto1Mode(bool)'.
/home/runner/work/hf-ads7952-driver/hf-ads7952-driver/src/ads7952.ipp:223: warning: argument 'reset_counter' from the argument list of ads7952::ADS7952::EnterAuto1Mode has multiple @param documentation sections
/home/runner/work/hf-ads7952-driver/hf-ads7952-driver/src/ads7952.ipp:234: warning: Found recursive @copybrief or @copydoc relation for argument 'ADS7952::EnterAuto2Mode(bool)'.
/home/runner/work/hf-ads7952-driver/hf-ads7952-driver/src/ads7952.ipp:234: warning: Found recursive @copydetails or @copydoc relation for argument 'ADS7952::EnterAuto2Mode(bool)'.
/home/runner/work/hf-ads7952-driver/hf-ads7952-driver/src/ads7952.ipp:234: warning: argument 'reset_counter' from the argument list of ads7952::ADS7952::EnterAuto2Mode has multiple @param documentation sections
/home/runner/work/hf-ads7952-driver/hf-ads7952-driver/src/ads7952.ipp:211: warning: Found recursive @copybrief or @copydoc relation for argument 'ADS7952::EnterManualMode(uint8_t)'.
/home/runner/work/hf-ads7952-driver/hf-ads7952-driver/src/ads7952.ipp:211: warning: Found recursive @copydetails or @copydoc relation for argument 'ADS7952::EnterManualMode(uint8_t)'.
/home/runner/work/hf-ads7952-driver/hf-ads7952-driver/src/ads7952.ipp:211: warning: argument 'channel' from the argument list of ads7952::ADS7952::EnterManualMode has multiple @param documentation sections
/home/runner/work/hf-ads7952-driver/hf-ads7952-driver/src/ads7952.ipp:332: warning: Found recursive @copybrief or @copydoc relation for argument 'ADS7952::ProgramAlarm(uint8_t,AlarmBound,uint16_t)'.
/home/runner/work/hf-ads7952-driver/hf-ads7952-driver/src/ads7952.ipp:332: warning: Found recursive @copydetails or @copydoc relation for argument 'ADS7952::ProgramAlarm(uint8_t,AlarmBound,uint16_t)'.
/home/runner/work/hf-ads7952-driver/hf-ads7952-driver/src/ads7952.ipp:332: warning: argument 'channel' from the argument list of ads7952::ADS7952::ProgramAlarm has multiple @param documentation sections
/home/runner/work/hf-ads7952-driver/hf-ads7952-driver/src/ads7952.ipp:332: warning: argument 'bound' from the argument list of ads7952::ADS7952::ProgramAlarm has multiple @param documentation sections
/home/runner/work/hf-ads7952-driver/hf-ads7952-driver/src/ads7952.ipp:332: warning: argument 'threshold_12bit' from the argument list of ads7952::ADS7952::ProgramAlarm has multiple @param documentation sections
/home/runner/work/hf-ads7952-driver/hf-ads7952-driver/src/ads7952.ipp:373: warning: Found recursive @copybrief or @copydoc relation for argument 'ADS7952::ProgramAlarmVoltage(uint8_t,AlarmBound,float)'.
/home/runner/work/hf-ads7952-driver/hf-ads7952-driver/src/ads7952.ipp:373: warning: Found recursive @copydetails or @copydoc relation for argument 'ADS7952::ProgramAlarmVoltage(uint8_t,AlarmBound,float)'.
/home/runner/work/hf-ads7952-driver/hf-ads7952-driver/src/ads7952.ipp:373: warning: argument 'channel' from the argument list of ads7952::ADS7952::ProgramAlarmVoltage has multiple @param documentation sections
/home/runner/work/hf-ads7952-driver/hf-ads7952-driver/src/ads7952.ipp:373: warning: argument 'bound' from the argument list of ads7952::ADS7952::ProgramAlarmVoltage has multiple @param documentation sections
/home/runner/work/hf-ads7952-driver/hf-ads7952-driver/src/ads7952.ipp:373: warning: argument 'voltage' from the argument list of ads7952::ADS7952::ProgramAlarmVoltage has multiple @param documentation sections
/home/runner/work/hf-ads7952-driver/hf-ads7952-driver/src/ads7952.ipp:249: warning: Found recursive @copybrief or @copydoc relation for argument 'ADS7952::ProgramAuto1Channels(uint16_t)'.
/home/runner/work/hf-ads7952-driver/hf-ads7952-driver/src/ads7952.ipp:249: warning: Found recursive @copydetails or @copydoc relation for argument 'ADS7952::ProgramAuto1Channels(uint16_t)'.
/home/runner/work/hf-ads7952-driver/hf-ads7952-driver/src/ads7952.ipp:249: warning: argument 'channel_mask' from the argument list of ads7952::ADS7952::ProgramAuto1Channels has multiple @param documentation sections
/home/runner/work/hf-ads7952-driver/hf-ads7952-driver/src/ads7952.ipp:267: warning: Found recursive @copybrief or @copydoc relation for argument 'ADS7952::ProgramAuto2LastChannel(uint8_t)'.
/home/runner/work/hf-ads7952-driver/hf-ads7952-driver/src/ads7952.ipp:267: warning: Found recursive @copydetails or @copydoc relation for argument 'ADS7952::ProgramAuto2LastChannel(uint8_t)'.
/home/runner/work/hf-ads7952-driver/hf-ads7952-driver/src/ads7952.ipp:267: warning: argument 'last_channel' from the argument list of ads7952::ADS7952::ProgramAuto2LastChannel has multiple @param documentation sections
/home/runner/work/hf-ads7952-driver/hf-ads7952-driver/src/ads7952.ipp:283: warning: Found recursive @copybrief or @copydoc relation for argument 'ADS7952::ProgramGPIO(const GPIOConfig&)'.
/home/runner/work/hf-ads7952-driver/hf-ads7952-driver/src/ads7952.ipp:283: warning: Found recursive @copydetails or @copydoc relation for argument 'ADS7952::ProgramGPIO(const GPIOConfig&)'.
/home/runner/work/hf-ads7952-driver/hf-ads7952-driver/src/ads7952.ipp:283: warning: argument 'config' from the argument list of ads7952::ADS7952::ProgramGPIO has multiple @param documentation sections
/home/runner/work/hf-ads7952-driver/hf-ads7952-driver/src/ads7952.ipp:134: warning: Found recursive @copybrief or @copydoc relation for argument 'ADS7952::ReadAllChannels()'.
/home/runner/work/hf-ads7952-driver/hf-ads7952-driver/src/ads7952.ipp:134: warning: Found recursive @copydetails or @copydoc relation for argument 'ADS7952::ReadAllChannels()'.
/home/runner/work/hf-ads7952-driver/hf-ads7952-driver/src/ads7952.ipp:100: warning: Found recursive @copybrief or @copydoc relation for argument 'ADS7952::ReadChannel(uint8_t)'.
/home/runner/work/hf-ads7952-driver/hf-ads7952-driver/src/ads7952.ipp:100: warning: Found recursive @copydetails or @copydoc relation for argument 'ADS7952::ReadChannel(uint8_t)'.
/home/runner/work/hf-ads7952-driver/hf-ads7952-driver/src/ads7952.ipp:100: warning: argument 'channel' from the argument list of ads7952::ADS7952::ReadChannel has multiple @param documentation sections
/home/runner/work/hf-ads7952-driver/hf-ads7952-driver/src/ads7952.ipp:413: warning: Found recursive @copybrief or @copydoc relation for argument 'ADS7952::SetGPIOOutputs(uint8_t)'.
/home/runner/work/hf-ads7952-driver/hf-ads7952-driver/src/ads7952.ipp:413: warning: Found recursive @copydetails or @copydoc relation for argument 'ADS7952::SetGPIOOutputs(uint8_t)'.
/home/runner/work/hf-ads7952-driver/hf-ads7952-driver/src/ads7952.ipp:413: warning: argument 'gpio_state' from the argument list of ads7952::ADS7952::SetGPIOOutputs has multiple @param documentation sections
/home/runner/work/hf-ads7952-driver/hf-ads7952-driver/src/ads7952.ipp:398: warning: Found recursive @copybrief or @copydoc relation for argument 'ADS7952::SetPowerDown(PowerDown)'.
/home/runner/work/hf-ads7952-driver/hf-ads7952-driver/src/ads7952.ipp:398: warning: Found recursive @copydetails or @copydoc relation for argument 'ADS7952::SetPowerDown(PowerDown)'.
/home/runner/work/hf-ads7952-driver/hf-ads7952-driver/src/ads7952.ipp:398: warning: argument 'pd' from the argument list of ads7952::ADS7952::SetPowerDown has multiple @param documentation sections
/home/runner/work/hf-ads7952-driver/hf-ads7952-driver/src/ads7952.ipp:384: warning: Found recursive @copybrief or @copydoc relation for argument 'ADS7952::SetRange(Range)'.
/home/runner/work/hf-ads7952-driver/hf-ads7952-driver/src/ads7952.ipp:384: warning: Found recursive @copydetails or @copydoc relation for argument 'ADS7952::SetRange(Range)'.
/home/runner/work/hf-ads7952-driver/hf-ads7952-driver/src/ads7952.ipp:384: warning: argument 'range' from the argument list of ads7952::ADS7952::SetRange has multiple @param documentation sections
/home/runner/work/hf-ads7952-driver/hf-ads7952-driver/src/ads7952.ipp:198: warning: Found recursive @copybrief or @copydoc relation for argument 'ADS7952::VoltageToCount(float) const'.
/home/runner/work/hf-ads7952-driver/hf-ads7952-driver/src/ads7952.ipp:198: warning: Found recursive @copydetails or @copydoc relation for argument 'ADS7952::VoltageToCount(float) const'.
/home/runner/work/hf-ads7952-driver/hf-ads7952-driver/src/ads7952.ipp:198: warning: argument 'voltage' from the argument list of ads7952::ADS7952::VoltageToCount has multiple @param documentation sections
index:1: warning: expected whitespace after \{ command
/home/runner/work/hf-ads7952-driver/hf-ads7952-driver/README.md:1: warning: expected whitespace after \{ command
/home/runner/work/hf-ads7952-driver/hf-ads7952-driver/README.md:20: warning: unable to resolve reference to '-overview' for \ref command
/home/runner/work/hf-ads7952-driver/hf-ads7952-driver/README.md:21: warning: unable to resolve reference to '-features' for \ref command
/home/runner/work/hf-ads7952-driver/hf-ads7952-driver/README.md:22: warning: unable to resolve reference to '-quick-start' for \ref command
/home/runner/work/hf-ads7952-driver/hf-ads7952-driver/README.md:23: warning: unable to resolve reference to '-installation' for \ref command
/home/runner/work/hf-ads7952-driver/hf-ads7952-driver/README.md:24: warning: unable to resolve reference to '-api-reference' for \ref command
/home/runner/work/hf-ads7952-driver/hf-ads7952-driver/README.md:25: warning: unable to resolve reference to '-examples' for \ref command
/home/runner/work/hf-ads7952-driver/hf-ads7952-driver/README.md:26: warning: unable to resolve reference to '-documentation' for \ref command
/home/runner/work/hf-ads7952-driver/hf-ads7952-driver/README.md:27: warning: unable to resolve reference to '-references' for \ref command
/home/runner/work/hf-ads7952-driver/hf-ads7952-driver/README.md:28: warning: unable to resolve reference to '-contributing' for \ref command
/home/runner/work/hf-ads7952-driver/hf-ads7952-driver/README.md:29: warning: unable to resolve reference to '-license' for \ref command
/home/runner/work/hf-ads7952-driver/hf-ads7952-driver/README.md:96: warning: unable to resolve reference to '/home/runner/work/hf-ads7952-driver/hf-ads7952-driver/docs/installation.md' for \ref command
/home/runner/work/hf-ads7952-driver/hf-ads7952-driver/README.md:96: warning: unable to resolve reference to '/home/runner/work/hf-ads7952-driver/hf-ads7952-driver/docs/quickstart.md' for \ref command
/home/runner/work/hf-ads7952-driver/hf-ads7952-driver/README.md:101: warning: unable to resolve reference to '/home/runner/work/hf-ads7952-driver/hf-ads7952-driver/docs/platform_integration.md' for \ref command
/home/runner/work/hf-ads7952-driver/hf-ads7952-driver/README.md:108: warning: unable to resolve reference to '/home/runner/work/hf-ads7952-driver/hf-ads7952-driver/docs/installation.md' for \ref command
/home/runner/work/hf-ads7952-driver/hf-ads7952-driver/README.md:151: warning: unable to resolve reference to '/home/runner/work/hf-ads7952-driver/hf-ads7952-driver/docs/api_reference.md' for \ref command
/home/runner/work/hf-ads7952-driver/hf-ads7952-driver/README.md:164: warning: unable to resolve reference to '/home/runner/work/hf-ads7952-driver/hf-ads7952-driver/docs/examples.md' for \ref command
/home/runner/work/hf-ads7952-driver/hf-ads7952-driver/README.md:168: warning: unable to resolve reference to '/home/runner/work/hf-ads7952-driver/hf-ads7952-driver/docs/index.md' for \ref command
/home/runner/work/hf-ads7952-driver/hf-ads7952-driver/README.md:172: warning: unable to resolve reference to '/home/runner/work/hf-ads7952-driver/hf-ads7952-driver/docs/installation.md' for \ref command
/home/runner/work/hf-ads7952-driver/hf-ads7952-driver/README.md:173: warning: unable to resolve reference to '/home/runner/work/hf-ads7952-driver/hf-ads7952-driver/docs/quickstart.md' for \ref command
/home/runner/work/hf-ads7952-driver/hf-ads7952-driver/README.md:174: warning: unable to resolve reference to '/home/runner/work/hf-ads7952-driver/hf-ads7952-driver/docs/hardware_setup.md' for \ref command
/home/runner/work/hf-ads7952-driver/hf-ads7952-driver/README.md:175: warning: unable to resolve reference to '/home/runner/work/hf-ads7952-driver/hf-ads7952-driver/docs/platform_integration.md' for \ref command
/home/runner/work/hf-ads7952-driver/hf-ads7952-driver/README.md:176: warning: unable to resolve reference to '/home/runner/work/hf-ads7952-driver/hf-ads7952-driver/docs/configuration.md' for \ref command
/home/runner/work/hf-ads7952-driver/hf-ads7952-driver/README.md:177: warning: unable to resolve reference to '/home/runner/work/hf-ads7952-driver/hf-ads7952-driver/docs/api_reference.md' for \ref command
/home/runner/work/hf-ads7952-driver/hf-ads7952-driver/README.md:178: warning: unable to resolve reference to '/home/runner/work/hf-ads7952-driver/hf-ads7952-driver/docs/examples.md' for \ref command
/home/runner/work/hf-ads7952-driver/hf-ads7952-driver/README.md:179: warning: unable to resolve reference to '/home/runner/work/hf-ads7952-driver/hf-ads7952-driver/docs/troubleshooting.md' for \ref command
/home/runner/work/hf-ads7952-driver/hf-ads7952-driver/README.md:180: warning: unable to resolve reference to '/home/runner/work/hf-ads7952-driver/hf-ads7952-driver/docs/cmake_integration.md' for \ref command
Generating docs for file inc/ads7952_config.hpp...
Generating docs for file inc/ads7952_registers.hpp...
Generating docs for file inc/ads7952_spi_interface.hpp...
Generating docs for file inc/ads7952_types.hpp...
Generating docs for file README.md...
Generating docs for file src/ads7952.ipp...
Generating page documentation...
Generating group documentation...
Generating class documentation...
Generating concept documentation...
Generating module documentation...
Generating namespace documentation...
Generating docs for namespace ads7952
Generating docs for compound ads7952::ADS7952...
Generating docs for compound ads7952::ChannelReadings...
Generating docs for compound ads7952::GPIOConfig...
Generating docs for compound ads7952::ReadResult...
Generating docs for compound ads7952::SpiInterface...
Generating docs for namespace ads7952::gpio
Generating docs for namespace ads7952::reg
Generating docs for namespace ads7952::reg::Alarm
Generating docs for namespace ads7952::reg::GPIO
Generating docs for namespace ads7952::reg::GPIOProg
Generating docs for namespace ads7952::reg::Mode
Generating docs for namespace ads7952::reg::Response
Generating docs for namespace ADS7952_CFG
Generating graph info page...
Generating directory documentation...
Generating index page...
Generating main page...
Generating page index...
Generating topic index...
Generating module index...
Generating module member index...
Generating namespace index...
Generating namespace member index...
Generating concept index...
Generating annotated compound index...
Generating alphabetical compound index...
Generating hierarchical class index...
Generating member index...
Generating file index...
Generating file member index...
Generating example index...
finalizing index lists...
writing tag file...
Running plantuml with JAVA...
type lookup cache used 420/65536 hits=492 misses=422
symbol lookup cache used 545/65536 hits=3015 misses=545
finished...
